C51 COMPILER V9.54   CARTRACKING                                                           12/04/2024 14:14:25 PAGE 1   


C51 COMPILER V9.54, COMPILATION OF MODULE CARTRACKING
OBJECT MODULE PLACED IN .\Objects\carTracking.obj
COMPILER INVOKED BY: D:\mcu\Keil5\C51\BIN\C51.EXE carTracking.c OPTIMIZE(8,SPEED) BROWSE DEBUG OBJECTEXTEND PRINT(.\List
                    -ings\carTracking.lst) OBJECT(.\Objects\carTracking.obj)

line level    source

   1          #include <REGX52.H>
   2          #include <intrins.h>
   3          #include "carMovement.h"
   4          
   5          sbit Left_0 =   P0^4;
   6          sbit Left_1 =   P0^5;
   7          sbit Middle_0 = P0^3; 
   8          sbit Middle_1 = P0^2; 
   9          sbit Right_0 =  P0^1;
  10          sbit Right_1 =  P0^0;
  11          
  12          unsigned char valueState = 0;
  13          unsigned char previousStates = 0;
  14          unsigned char Crossroads = 0;
  15          unsigned char CanCounter = 1;
  16          
  17          //黑线是1，白线是0
  18          void Delay100us(void)   //@11.0592MHz
  19          {
  20   1              unsigned char data i;
  21   1      
  22   1              _nop_();
  23   1              i = 43;
  24   1              while (--i);
  25   1      }
  26          
  27          
  28          void Delay55ms(void)    //@11.0592MHz
  29          {
  30   1              unsigned char data i, j;
  31   1      
  32   1              i = 99;
  33   1              j = 154;
  34   1              do
  35   1              {
  36   2                      while (--j);
  37   2              } while (--i);
  38   1      }
  39          
  40          void ChangeState() //调整小车冲出赛道的状态
  41          {
  42   1          States = 5;
  43   1          if (previousStates == 0)
  44   1          {
  45   2              carMoveBackward();
  46   2          }
  47   1          else if (previousStates == 1)
  48   1          {
  49   2              carSharpRight();
  50   2          }
  51   1          else if (previousStates == 2)
  52   1          {
  53   2              carSharpLeft();
  54   2          }
C51 COMPILER V9.54   CARTRACKING                                                           12/04/2024 14:14:25 PAGE 2   

  55   1      }
  56          
  57          void Tracking()
  58          {
  59   1          if (valueState != States)
  60   1          {
  61   2              previousStates = valueState;
  62   2              valueState = States;
  63   2          }
  64   1          //左边检查到黑线，但是右边nil
  65   1          if ((Left_0 == 1 || Left_1 == 1 || Middle_0 == 1) && (Right_0 == 0 && Middle_1 == 0 && Right_1 == 0))
  66   1          {
  67   2              if (Left_0 == 1)
  68   2              {
  69   3                  carTurnLeft(3);
  70   3                  Delay55ms();
  71   3              }
  72   2              else if (Left_1 == 1)
  73   2              {
  74   3                  carTurnLeft(2);
  75   3              }
  76   2              else if (Middle_0 == 1)
  77   2              {
  78   3                  carTurnLeft(1);
  79   3              }
  80   2          }
  81   1          //右边检查到黑线，但是左边是nil
  82   1          else if ((Left_0 == 0 && Left_1 == 0 && Middle_0 == 0) && (Right_0 == 1 || Middle_1 == 1 || Right_1 ==
             - 1))
  83   1          {
  84   2              if (Right_1 == 1)
  85   2              {
  86   3                  carTurnRight(3);
  87   3                  Delay55ms();
  88   3              }
  89   2              else if (Right_0 == 1)
  90   2              {
  91   3                  carTurnRight(2);
  92   3              }
  93   2              else if (Middle_1 == 1)
  94   2              {
  95   3                  carTurnRight(1);
  96   3              }
  97   2          }
  98   1          else if ((Left_0 == 1 && Left_1 == 1 && Middle_0 == 1 && Middle_1 == 1 && Right_0 == 1 && Right_1 == 1
             -) || (Middle_0 == 1 && Middle_1 == 1) || (Middle_0 == 1 && Middle_1 == 1 && Right_0 == 1 && Left_0 == 1))
  99   1          { 
 100   2              carMoveForward(2);
 101   2          }
 102   1          // else if ((Left_0 == 0 && Left_1 == 0 && Middle_0 == 0 && Middle_1 == 0 && Right_0 == 0 && Right_1 =
             -= 0))
 103   1          // {
 104   1          //     // ChangeState();
 105   1          // }
 106   1          else
 107   1          {
 108   2              // ChangeState();
 109   2          }
 110   1      
 111   1          if (valueState != States)
 112   1          {
 113   2              Delay100us();
C51 COMPILER V9.54   CARTRACKING                                                           12/04/2024 14:14:25 PAGE 3   

 114   2          }
 115   1      }
 116          
 117          void CrossroadDetection()
 118          {
 119   1          if ((Left_0 == 1 && Left_1 == 1 && Middle_0 == 1 && Middle_1 == 1 && Right_0 == 1 && Right_1 == 1) && 
             -CanCounter == 1)
 120   1          {
 121   2              Crossroads ++;
 122   2              CanCounter = 0;
 123   2          }
 124   1          else if (!(Left_0 == 1 && Left_1 == 1 && Middle_0 == 1 && Middle_1 == 1 && Right_0 == 1 && Right_1 == 
             -1))
 125   1          {
 126   2              CanCounter = 1; // 重置标志变量
 127   2          }
 128   1      }


MODULE INFORMATION:   STATIC OVERLAYABLE
   CODE SIZE        =    259    ----
   CONSTANT SIZE    =   ----    ----
   XDATA SIZE       =   ----    ----
   PDATA SIZE       =   ----    ----
   DATA SIZE        =      4    ----
   IDATA SIZE       =   ----    ----
   BIT SIZE         =   ----    ----
END OF MODULE INFORMATION.


C51 COMPILATION COMPLETE.  0 WARNING(S),  0 ERROR(S)
