C51 COMPILER V9.60.7.0   MAIN                                                              03/05/2026 14:20:40 PAGE 1   


C51 COMPILER V9.60.7.0, COMPILATION OF MODULE MAIN
OBJECT MODULE PLACED IN .\Objects\main.obj
COMPILER INVOKED BY: D:\mcu\Keil5\Keil_v5\C51\BIN\C51.EXE main.c OPTIMIZE(8,SPEED) BROWSE DEBUG OBJECTEXTEND PRINT(.\Lis
                    -tings\main.lst) TABS(2) OBJECT(.\Objects\main.obj)

line level    source

   1          #include <REGX52.H>
   2          #include <intrins.h>
   3          #include "carMovement.h"
   4          #include "carTracking.h"
   5          unsigned char preCrossroads = 0;
   6          unsigned char running = 1;
   7          
   8          void Delay300ms(void) //@11.0592MHz
   9          {
  10   1        unsigned char data i, j, k;
  11   1      
  12   1        _nop_();
  13   1        i = 3;
  14   1        j = 26;
  15   1        k = 223;
  16   1        do
  17   1        {
  18   2          do
  19   2          {
  20   3            while (--k);
  21   3          } while (--j);
  22   2        } while (--i);
  23   1      }
  24          
  25          void main()
  26          {
  27   1        Delay300ms();
  28   1        Timer0_Init();
  29   1        Timer1_Init();
  30   1        while(1)
  31   1        {
  32   2          CrossroadDetection();
  33   2          // if (Crossroads >= 7) //? 如果检测到的十字路口数量大于等于7，认为车已经进入了
             -十字路口，那么就停车，否则继续跟踪但是被时间窗口替代了
  34   2          // {
  35   2          //  carStop();
  36   2          // }
  37   2          // else
  38   2          // {
  39   2          //  Tracking();
  40   2          // }
  41   2      
  42   2          if (Period > (192000 - 1000) && Period < (192000 + 1000))
  43   2          {
  44   3            if (preCrossroads != Crossroads)
  45   3            {
  46   4              carStop();
  47   4              running = 0;
  48   4            }
  49   3            if (running)
  50   3            {
  51   4              Tracking();
  52   4            }
  53   3          }
C51 COMPILER V9.60.7.0   MAIN                                                              03/05/2026 14:20:40 PAGE 2   

  54   2          else
  55   2          {
  56   3            Tracking();
  57   3          }
  58   2          preCrossroads = Crossroads;
  59   2        }
  60   1      }


MODULE INFORMATION:   STATIC OVERLAYABLE
   CODE SIZE        =     89    ----
   CONSTANT SIZE    =   ----    ----
   XDATA SIZE       =   ----    ----
   PDATA SIZE       =   ----    ----
   DATA SIZE        =      2    ----
   IDATA SIZE       =   ----    ----
   BIT SIZE         =   ----    ----
END OF MODULE INFORMATION.


C51 COMPILATION COMPLETE.  0 WARNING(S),  0 ERROR(S)
